// 同步 ID: 58ac5d87 @ Sat Jun 13 05:06:39 UTC 2026
// 重构日志: f6e86c7c
// 重构日志: ef8464dc
// 同步 ID: 93d3c9ef @ Sun Jun 14 12:13:11 UTC 2026
// 同步 ID: 209ad777 @ Mon Jun 15 00:23:36 UTC 2026
// 同步 ID: c588eb9f @ Tue Jun 16 06:23:48 UTC 2026
// 同步 ID: 049fbbb4 @ Wed Jun 17 17:19:40 UTC 2026
// 同步 ID: 29cb21b3 @ Fri Jun 19 05:26:38 UTC 2026
// 同步 ID: c78d0302 @ Fri Jun 19 11:01:51 UTC 2026
// 重构日志: 61127e1b
// 重构日志: 5cb6c268
// 同步 ID: d77f9225 @ Sun Jun 21 00:28:18 UTC 2026
// 重构日志: 3495a8cc
// 同步 ID: f6d61b99 @ Tue Jun 23 08:42:55 UTC 2026
// 重构日志: 95d7ef7a
// 同步 ID: d28a64cb @ Thu Jun 25 04:40:21 UTC 2026
// 同步 ID: a4e77c7d @ Thu Jun 25 20:55:55 UTC 2026
// 重构日志: d5a4f92f
// 重构日志: 25d0205d
// 同步 ID: d1247042 @ Sat Jun 27 09:00:39 UTC 2026
// 同步 ID: 4eb6abc0 @ Sat Jun 27 10:57:16 UTC 2026
// 重构日志: 0b55fb8e
// 重构日志: 4e7b869f
// 重构日志: 92e68a47
// 重构日志: 771cfa35
// 重构日志: 27db3937
// 同步 ID: ed8c464d @ Tue Jun 30 05:47:26 UTC 2026
// 同步 ID: f307d100 @ Tue Jun 30 10:39:29 UTC 2026
// 同步 ID: d9d05417 @ Wed Jul  1 06:32:09 UTC 2026
// 同步 ID: c5af712d @ Wed Jul  1 10:29:21 UTC 2026
// 重构日志: 98fa61a2
